# JRE version: Java(TM) SE Runtime Environment (8.0_271-b09) (build 1.8.0_271-b09)
# Java VM: Java HotSpot(TM) 64-Bit Server VM (25.271-b09 mixed mode windows-amd64 compressed oops)
Heap:
 PSYoungGen      total 48640K, used 36875K [0x00000000d6000000, 0x00000000da980000, 0x0000000100000000)
  eden space 39424K, 71% used [0x00000000d6000000,0x00000000d7b5c190,0x00000000d8680000)
  from space 9216K, 96% used [0x00000000da080000,0x00000000da926df0,0x00000000da980000)
  to   space 12800K, 0% used [0x00000000d9080000,0x00000000d9080000,0x00000000d9d00000)
 ParOldGen       total 78848K, used 20667K [0x0000000082000000, 0x0000000086d00000, 0x00000000d6000000)
  object space 78848K, 26% used [0x0000000082000000,0x000000008342ed08,0x0000000086d00000)
 Metaspace       used 25657K, capacity 27738K, committed 27776K, reserved 1073152K
  class space    used 3606K, capacity 3968K, committed 3968K, reserved 1048576K
GC Heap History (10 events):
Event: 5.135 GC heap before
{Heap before GC invocations=3 (full 1):
 PSYoungGen      total 37888K, used 5088K [0x00000000d6000000, 0x00000000d8a00000, 0x0000000100000000)
  eden space 32768K, 0% used [0x00000000d6000000,0x00000000d6000000,0x00000000d8000000)
  from space 5120K, 99% used [0x00000000d8500000,0x00000000d89f8040,0x00000000d8a00000)
  to   space 5120K, 0% used [0x00000000d8000000,0x00000000d8000000,0x00000000d8500000)
 ParOldGen       total 86016K, used 7701K [0x0000000082000000, 0x0000000087400000, 0x00000000d6000000)
  object space 86016K, 8% used [0x0000000082000000,0x00000000827854d8,0x0000000087400000)
 Metaspace       used 20210K, capacity 21150K, committed 21248K, reserved 1067008K
  class space    used 3005K, capacity 3258K, committed 3328K, reserved 1048576K
Event: 5.204 GC heap after
Heap after GC invocations=3 (full 1):
 PSYoungGen      total 37888K, used 0K [0x00000000d6000000, 0x00000000d8a00000, 0x0000000100000000)
  eden space 32768K, 0% used [0x00000000d6000000,0x00000000d6000000,0x00000000d8000000)
  from space 5120K, 0% used [0x00000000d8500000,0x00000000d8500000,0x00000000d8a00000)
  to   space 5120K, 0% used [0x00000000d8000000,0x00000000d8000000,0x00000000d8500000)
 ParOldGen       total 78848K, used 12368K [0x0000000082000000, 0x0000000086d00000, 0x00000000d6000000)
  object space 78848K, 15% used [0x0000000082000000,0x0000000082c14178,0x0000000086d00000)
 Metaspace       used 20210K, capacity 21150K, committed 21248K, reserved 1067008K
  class space    used 3005K, capacity 3258K, committed 3328K, reserved 1048576K
}
Event: 28.181 GC heap before
{Heap before GC invocations=4 (full 1):
 PSYoungGen      total 37888K, used 32768K [0x00000000d6000000, 0x00000000d8a00000, 0x0000000100000000)
  eden space 32768K, 100% used [0x00000000d6000000,0x00000000d8000000,0x00000000d8000000)
  from space 5120K, 0% used [0x00000000d8500000,0x00000000d8500000,0x00000000d8a00000)
  to   space 5120K, 0% used [0x00000000d8000000,0x00000000d8000000,0x00000000d8500000)
 ParOldGen       total 78848K, used 12368K [0x0000000082000000, 0x0000000086d00000, 0x00000000d6000000)
  object space 78848K, 15% used [0x0000000082000000,0x0000000082c14178,0x0000000086d00000)
 Metaspace       used 22915K, capacity 24330K, committed 24576K, reserved 1071104K
  class space    used 3257K, capacity 3548K, committed 3584K, reserved 1048576K
Event: 28.187 GC heap after
Heap after GC invocations=4 (full 1):
 PSYoungGen      total 37888K, used 5115K [0x00000000d6000000, 0x00000000d9100000, 0x0000000100000000)
  eden space 32768K, 0% used [0x00000000d6000000,0x00000000d6000000,0x00000000d8000000)
  from space 5120K, 99% used [0x00000000d8000000,0x00000000d84fedf0,0x00000000d8500000)
  to   space 5120K, 0% used [0x00000000d8c00000,0x00000000d8c00000,0x00000000d9100000)
 ParOldGen       total 78848K, used 13194K [0x0000000082000000, 0x0000000086d00000, 0x00000000d6000000)
  object space 78848K, 16% used [0x0000000082000000,0x0000000082ce2a08,0x0000000086d00000)
 Metaspace       used 22915K, capacity 24330K, committed 24576K, reserved 1071104K
  class space    used 3257K, capacity 3548K, committed 3584K, reserved 1048576K
}
Event: 28.649 GC heap before
{Heap before GC invocations=5 (full 1):
 PSYoungGen      total 37888K, used 37883K [0x00000000d6000000, 0x00000000d9100000, 0x0000000100000000)
  eden space 32768K, 100% used [0x00000000d6000000,0x00000000d8000000,0x00000000d8000000)
  from space 5120K, 99% used [0x00000000d8000000,0x00000000d84fedf0,0x00000000d8500000)
  to   space 5120K, 0% used [0x00000000d8c00000,0x00000000d8c00000,0x00000000d9100000)
 ParOldGen       total 78848K, used 13194K [0x0000000082000000, 0x0000000086d00000, 0x00000000d6000000)
  object space 78848K, 16% used [0x0000000082000000,0x0000000082ce2a08,0x0000000086d00000)
 Metaspace       used 24096K, capacity 25924K, committed 26112K, reserved 1071104K
  class space    used 3464K, capacity 3803K, committed 3840K, reserved 1048576K
Event: 28.660 GC heap after
Heap after GC invocations=5 (full 1):
 PSYoungGen      total 45056K, used 5099K [0x00000000d6000000, 0x00000000d9700000, 0x0000000100000000)
  eden space 39936K, 0% used [0x00000000d6000000,0x00000000d6000000,0x00000000d8700000)
  from space 5120K, 99% used [0x00000000d8c00000,0x00000000d90fadf0,0x00000000d9100000)
  to   space 5120K, 0% used [0x00000000d8700000,0x00000000d8700000,0x00000000d8c00000)
 ParOldGen       total 78848K, used 17545K [0x0000000082000000, 0x0000000086d00000, 0x00000000d6000000)
  object space 78848K, 22% used [0x0000000082000000,0x0000000083122618,0x0000000086d00000)
 Metaspace       used 24096K, capacity 25924K, committed 26112K, reserved 1071104K
  class space    used 3464K, capacity 3803K, committed 3840K, reserved 1048576K
}
Event: 61.909 GC heap before
{Heap before GC invocations=6 (full 1):
 PSYoungGen      total 45056K, used 45035K [0x00000000d6000000, 0x00000000d9700000, 0x0000000100000000)
  eden space 39936K, 100% used [0x00000000d6000000,0x00000000d8700000,0x00000000d8700000)
  from space 5120K, 99% used [0x00000000d8c00000,0x00000000d90fadf0,0x00000000d9100000)
  to   space 5120K, 0% used [0x00000000d8700000,0x00000000d8700000,0x00000000d8c00000)
 ParOldGen       total 78848K, used 17545K [0x0000000082000000, 0x0000000086d00000, 0x00000000d6000000)
  object space 78848K, 22% used [0x0000000082000000,0x0000000083122618,0x0000000086d00000)
 Metaspace       used 24731K, capacity 26696K, committed 27008K, reserved 1073152K
  class space    used 3522K, capacity 3877K, committed 3968K, reserved 1048576K
Event: 61.916 GC heap after
Heap after GC invocations=6 (full 1):
 PSYoungGen      total 45056K, used 5099K [0x00000000d6000000, 0x00000000dad00000, 0x0000000100000000)
  eden space 39936K, 0% used [0x00000000d6000000,0x00000000d6000000,0x00000000d8700000)
  from space 5120K, 99% used [0x00000000d8700000,0x00000000d8bfadf0,0x00000000d8c00000)
  to   space 12800K, 0% used [0x00000000da080000,0x00000000da080000,0x00000000dad00000)
 ParOldGen       total 78848K, used 20659K [0x0000000082000000, 0x0000000086d00000, 0x00000000d6000000)
  object space 78848K, 26% used [0x0000000082000000,0x000000008342cd08,0x0000000086d00000)
 Metaspace       used 24731K, capacity 26696K, committed 27008K, reserved 1073152K
  class space    used 3522K, capacity 3877K, committed 3968K, reserved 1048576K
}
Event: 458.848 GC heap before
{Heap before GC invocations=7 (full 1):
 PSYoungGen      total 45056K, used 45035K [0x00000000d6000000, 0x00000000dad00000, 0x0000000100000000)
  eden space 39936K, 100% used [0x00000000d6000000,0x00000000d8700000,0x00000000d8700000)
  from space 5120K, 99% used [0x00000000d8700000,0x00000000d8bfadf0,0x00000000d8c00000)
  to   space 12800K, 0% used [0x00000000da080000,0x00000000da080000,0x00000000dad00000)
 ParOldGen       total 78848K, used 20659K [0x0000000082000000, 0x0000000086d00000, 0x00000000d6000000)
  object space 78848K, 26% used [0x0000000082000000,0x000000008342cd08,0x0000000086d00000)
 Metaspace       used 25126K, capacity 27124K, committed 27264K, reserved 1073152K
  class space    used 3527K, capacity 3885K, committed 3968K, reserved 1048576K
Event: 458.858 GC heap after
Heap after GC invocations=7 (full 1):
 PSYoungGen      total 48640K, used 8859K [0x00000000d6000000, 0x00000000da980000, 0x0000000100000000)
  eden space 39424K, 0% used [0x00000000d6000000,0x00000000d6000000,0x00000000d8680000)
  from space 9216K, 96% used [0x00000000da080000,0x00000000da926df0,0x00000000da980000)
  to   space 12800K, 0% used [0x00000000d9080000,0x00000000d9080000,0x00000000d9d00000)
 ParOldGen       total 78848K, used 20667K [0x0000000082000000, 0x0000000086d00000, 0x00000000d6000000)
  object space 78848K, 26% used [0x0000000082000000,0x000000008342ed08,0x0000000086d00000)
 Metaspace       used 25126K, capacity 27124K, committed 27264K, reserved 1073152K
  class space    used 3527K, capacity 3885K, committed 3968K, reserved 1048576K
}

